<?xml version="1.0" encoding="UTF-8"?>
<testsuite xmlns:xsi="http://www.w3.org/2001/XMLSchema-instance" xsi:noNamespaceSchemaLocation="https://maven.apache.org/surefire/maven-surefire-plugin/xsd/surefire-test-report.xsd" version="3.0.2" name="com.pm.gatewayservice.PatientServiceContractTest" time="31.575" tests="1" errors="0" skipped="0" failures="0">
  <properties>
[...]
</properties>
  <testcase name="shouldRouteToPatientService" classname="com.pm.gatewayservice.PatientServiceContractTest" time="4.572">
    <system-out><![CDATA[{"@timestamp":"2026-05-29T19:23:35.9199028+05:00","thread_name":"main","logger_name":"org.springframework.test.context.support.AnnotationConfigContextLoaderUtils","message":"Could not detect default configuration classes for test class [com.pm.gatewayservice.PatientServiceContractTest]: PatientServiceContractTest does not declare any static, non-private, non-final, nested classes annotated with @Configuration."}
{"@timestamp":"2026-05-29T19:23:35.9502984+05:00","thread_name":"main","logger_name":"org.springframework.boot.test.context.SpringBootTestContextBootstrapper","message":"Found @SpringBootConfiguration com.pm.gatewayservice.GatewayServiceApplication for test class com.pm.gatewayservice.PatientServiceContractTest"}
19:23:36,192 |-INFO in ch.qos.logback.core.joran.util.ConfigurationWatchListUtil@a18649a - Adding [jar:file:/C:/Users/ADMIN/.m2/repository/org/springframework/boot/spring-boot/3.4.6/spring-boot-3.4.6.jar!/org/springframework/boot/logging/logback/defaults.xml] to configuration watch list.
19:23:36,192 |-INFO in ConfigurationWatchList(mainURL=file:/C:/Users/ADMIN/IdeaProjects/PatientManagementSystem/GatewayService/target/classes/logback-spring.xml, fileWatchList={C:\Users\ADMIN\IdeaProjects\PatientManagementSystem\GatewayService\target\classes\logback-spring.xml}, urlWatchList=[}) - Cannot watch [jar:file:/C:/Users/ADMIN/.m2/repository/org/springframework/boot/spring-boot/3.4.6/spring-boot-3.4.6.jar!/org/springframework/boot/logging/logback/defaults.xml] as its protocol is not one of file, http or https.
19:23:36,205 |-INFO in ch.qos.logback.core.model.processor.ConversionRuleModelHandler - registering conversion word applicationName with class [org.springframework.boot.logging.logback.ApplicationNameConverter]
19:23:36,205 |-INFO in ch.qos.logback.core.model.processor.ConversionRuleModelHandler - registering conversion word clr with class [org.springframework.boot.logging.logback.ColorConverter]
19:23:36,205 |-INFO in ch.qos.logback.core.model.processor.ConversionRuleModelHandler - registering conversion word correlationId with class [org.springframework.boot.logging.logback.CorrelationIdConverter]
19:23:36,205 |-INFO in ch.qos.logback.core.model.processor.ConversionRuleModelHandler - registering conversion word esb with class [org.springframework.boot.logging.logback.EnclosedInSquareBracketsConverter]
19:23:36,205 |-INFO in ch.qos.logback.core.model.processor.ConversionRuleModelHandler - registering conversion word wex with class [org.springframework.boot.logging.logback.WhitespaceThrowableProxyConverter]
19:23:36,205 |-INFO in ch.qos.logback.core.model.processor.ConversionRuleModelHandler - registering conversion word wEx with class [org.springframework.boot.logging.logback.ExtendedWhitespaceThrowableProxyConverter]
19:23:36,205 |-INFO in ch.qos.logback.core.model.processor.ModelInterpretationContext@334ac669 - value "%clr(%d{yyyy-MM-dd'T'HH:mm:ss.SSSXXX}){faint} %clr(%5p [gateway-service,%X{traceId:-},%X{spanId:-}]){} %clr(19540){magenta} %clr(--- %esb(){APPLICATION_NAME}%esb{APPLICATION_GROUP}[%15.15t] %correlationId){faint}%clr(%-40.40logger{39}){cyan} %clr(:){faint} %m%n%wEx" substituted for "${CONSOLE_LOG_PATTERN:-%clr(%d{${LOG_DATEFORMAT_PATTERN:-yyyy-MM-dd'T'HH:mm:ss.SSSXXX}}){faint} %clr(${LOG_LEVEL_PATTERN:-%5p}){} %clr(${PID:-}){magenta} %clr(--- %esb(){APPLICATION_NAME}%esb{APPLICATION_GROUP}[%15.15t] ${LOG_CORRELATION_PATTERN:-}){faint}%clr(%-40.40logger{39}){cyan} %clr(:){faint} %m%n${LOG_EXCEPTION_CONVERSION_WORD:-%wEx}}"
19:23:36,205 |-INFO in ch.qos.logback.core.model.processor.ModelInterpretationContext@334ac669 - value "UTF-8" substituted for "${CONSOLE_LOG_CHARSET:-${file.encoding:-UTF-8}}"
19:23:36,205 |-INFO in ch.qos.logback.core.model.processor.ModelInterpretationContext@334ac669 - value "TRACE" substituted for "${CONSOLE_LOG_THRESHOLD:-TRACE}"
19:23:36,205 |-INFO in ch.qos.logback.core.model.processor.ModelInterpretationContext@334ac669 - value "" substituted for "${CONSOLE_LOG_STRUCTURED_FORMAT:-}"
19:23:36,205 |-INFO in ch.qos.logback.core.model.processor.ModelInterpretationContext@334ac669 - value "%d{yyyy-MM-dd'T'HH:mm:ss.SSSXXX} %5p [gateway-service,%X{traceId:-},%X{spanId:-}] 19540 --- %esb(){APPLICATION_NAME}%esb{APPLICATION_GROUP}[%t] %correlationId%-40.40logger{39} : %m%n%wEx" substituted for "${FILE_LOG_PATTERN:-%d{${LOG_DATEFORMAT_PATTERN:-yyyy-MM-dd'T'HH:mm:ss.SSSXXX}} ${LOG_LEVEL_PATTERN:-%5p} ${PID:-} --- %esb(){APPLICATION_NAME}%esb{APPLICATION_GROUP}[%t] ${LOG_CORRELATION_PATTERN:-}%-40.40logger{39} : %m%n${LOG_EXCEPTION_CONVERSION_WORD:-%wEx}}"
19:23:36,205 |-INFO in ch.qos.logback.core.model.processor.ModelInterpretationContext@334ac669 - value "UTF-8" substituted for "${FILE_LOG_CHARSET:-${file.encoding:-UTF-8}}"
19:23:36,205 |-INFO in ch.qos.logback.core.model.processor.ModelInterpretationContext@334ac669 - value "TRACE" substituted for "${FILE_LOG_THRESHOLD:-TRACE}"
19:23:36,205 |-INFO in ch.qos.logback.core.model.processor.ModelInterpretationContext@334ac669 - value "" substituted for "${FILE_LOG_STRUCTURED_FORMAT:-}"
19:23:36,205 |-INFO in ch.qos.logback.core.joran.util.ConfigurationWatchListUtil@a18649a - Adding [jar:file:/C:/Users/ADMIN/.m2/repository/org/springframework/boot/spring-boot/3.4.6/spring-boot-3.4.6.jar!/org/springframework/boot/logging/logback/console-appender.xml] to configuration watch list.
19:23:36,205 |-INFO in ConfigurationWatchList(mainURL=file:/C:/Users/ADMIN/IdeaProjects/PatientManagementSystem/GatewayService/target/classes/logback-spring.xml, fileWatchList={C:\Users\ADMIN\IdeaProjects\PatientManagementSystem\GatewayService\target\classes\logback-spring.xml}, urlWatchList=[}) - Cannot watch [jar:file:/C:/Users/ADMIN/.m2/repository/org/springframework/boot/spring-boot/3.4.6/spring-boot-3.4.6.jar!/org/springframework/boot/logging/logback/console-appender.xml] as its protocol is not one of file, http or https.
19:23:36,216 |-INFO in ch.qos.logback.classic.model.processor.LoggerModelHandler - Setting level of logger [org.apache.catalina.startup.DigesterFactory] to ERROR
19:23:36,216 |-INFO in ch.qos.logback.classic.jul.LevelChangePropagator@77430c79 - Propagating ERROR level on Logger[org.apache.catalina.startup.DigesterFactory] onto the JUL framework
19:23:36,216 |-INFO in ch.qos.logback.classic.model.processor.LoggerModelHandler - Setting level of logger [org.apache.catalina.util.LifecycleBase] to ERROR
19:23:36,216 |-INFO in ch.qos.logback.classic.jul.LevelChangePropagator@77430c79 - Propagating ERROR level on Logger[org.apache.catalina.util.LifecycleBase] onto the JUL framework
19:23:36,216 |-INFO in ch.qos.logback.classic.model.processor.LoggerModelHandler - Setting level of logger [org.apache.coyote.http11.Http11NioProtocol] to WARN
19:23:36,216 |-INFO in ch.qos.logback.classic.jul.LevelChangePropagator@77430c79 - Propagating WARN level on Logger[org.apache.coyote.http11.Http11NioProtocol] onto the JUL framework
19:23:36,216 |-INFO in ch.qos.logback.classic.model.processor.LoggerModelHandler - Setting level of logger [org.apache.sshd.common.util.SecurityUtils] to WARN
19:23:36,216 |-INFO in ch.qos.logback.classic.jul.LevelChangePropagator@77430c79 - Propagating WARN level on Logger[org.apache.sshd.common.util.SecurityUtils] onto the JUL framework
19:23:36,216 |-INFO in ch.qos.logback.classic.model.processor.LoggerModelHandler - Setting level of logger [org.apache.tomcat.util.net.NioSelectorPool] to WARN
19:23:36,216 |-INFO in ch.qos.logback.classic.jul.LevelChangePropagator@77430c79 - Propagating WARN level on Logger[org.apache.tomcat.util.net.NioSelectorPool] onto the JUL framework
19:23:36,216 |-INFO in ch.qos.logback.classic.model.processor.LoggerModelHandler - Setting level of logger [org.eclipse.jetty.util.component.AbstractLifeCycle] to ERROR
19:23:36,216 |-INFO in ch.qos.logback.classic.jul.LevelChangePropagator@77430c79 - Propagating ERROR level on Logger[org.eclipse.jetty.util.component.AbstractLifeCycle] onto the JUL framework
19:23:36,216 |-INFO in ch.qos.logback.classic.model.processor.LoggerModelHandler - Setting level of logger [org.hibernate.validator.internal.util.Version] to WARN
19:23:36,216 |-INFO in ch.qos.logback.classic.jul.LevelChangePropagator@77430c79 - Propagating WARN level on Logger[org.hibernate.validator.internal.util.Version] onto the JUL framework
19:23:36,216 |-INFO in ch.qos.logback.classic.model.processor.LoggerModelHandler - Setting level of logger [org.springframework.boot.actuate.endpoint.jmx] to WARN
19:23:36,216 |-INFO in ch.qos.logback.classic.jul.LevelChangePropagator@77430c79 - Propagating WARN level on Logger[org.springframework.boot.actuate.endpoint.jmx] onto the JUL framework
19:23:36,216 |-WARN in ch.qos.logback.core.model.processor.AppenderModelHandler - Appender named [CONSOLE] not referenced. Skipping further processing.
19:23:36,216 |-INFO in ch.qos.logback.core.model.processor.AppenderModelHandler - Processing appender named [JSON_CONSOLE]
19:23:36,216 |-INFO in ch.qos.logback.core.model.processor.AppenderModelHandler - About to instantiate appender of type [ch.qos.logback.core.ConsoleAppender]
19:23:36,216 |-INFO in ch.qos.logback.core.model.processor.ImplicitModelHandler - Assuming default type [net.logstash.logback.composite.loggingevent.LoggingEventJsonProviders] for [providers] property
19:23:36,216 |-INFO in ch.qos.logback.core.model.processor.ImplicitModelHandler - Assuming default type [net.logstash.logback.composite.loggingevent.LoggingEventFormattedTimestampJsonProvider] for [timestamp] property
19:23:36,220 |-WARN in ch.qos.logback.core.model.processor.ImplicitModelHandler - Ignoring unknown property [severity] in [net.logstash.logback.composite.loggingevent.LoggingEventJsonProviders]
19:23:36,220 |-WARN in ch.qos.logback.core.model.processor.ImplicitModelHandler - Ignoring unknown property [serviceName] in [net.logstash.logback.composite.loggingevent.LoggingEventJsonProviders]
19:23:36,220 |-WARN in ch.qos.logback.core.model.processor.ImplicitModelHandler - Ignoring unknown property [traceId] in [net.logstash.logback.composite.loggingevent.LoggingEventJsonProviders]
19:23:36,220 |-WARN in ch.qos.logback.core.model.processor.ImplicitModelHandler - Ignoring unknown property [spanId] in [net.logstash.logback.composite.loggingevent.LoggingEventJsonProviders]
19:23:36,220 |-INFO in ch.qos.logback.core.model.processor.ImplicitModelHandler - Assuming default type [net.logstash.logback.composite.loggingevent.LoggingEventThreadNameJsonProvider] for [threadName] property
19:23:36,220 |-INFO in ch.qos.logback.core.model.processor.ImplicitModelHandler - Assuming default type [net.logstash.logback.composite.loggingevent.LoggerNameJsonProvider] for [loggerName] property
19:23:36,220 |-INFO in ch.qos.logback.core.model.processor.ImplicitModelHandler - Assuming default type [net.logstash.logback.composite.loggingevent.MessageJsonProvider] for [message] property
19:23:36,220 |-INFO in ch.qos.logback.core.model.processor.ImplicitModelHandler - Assuming default type [net.logstash.logback.composite.loggingevent.StackTraceJsonProvider] for [stackTrace] property
19:23:36,228 |-INFO in ch.qos.logback.core.ConsoleAppender[JSON_CONSOLE] - BEWARE: Writing to the console can be very slow. Avoid logging to the 
19:23:36,228 |-INFO in ch.qos.logback.core.ConsoleAppender[JSON_CONSOLE] - console in production environments, especially in high volume systems.
19:23:36,228 |-INFO in ch.qos.logback.core.ConsoleAppender[JSON_CONSOLE] - See also https://logback.qos.ch/codes.html#slowConsole
19:23:36,228 |-INFO in ch.qos.logback.classic.model.processor.RootLoggerModelHandler - Setting level of ROOT logger to INFO
19:23:36,228 |-INFO in ch.qos.logback.classic.jul.LevelChangePropagator@77430c79 - Propagating INFO level on Logger[ROOT] onto the JUL framework
19:23:36,228 |-INFO in ch.qos.logback.core.model.processor.AppenderRefModelHandler - Attaching appender named [JSON_CONSOLE] to Logger[ROOT]
19:23:36,228 |-INFO in ch.qos.logback.core.model.processor.DefaultProcessor@506654fa - End of configuration.
19:23:36,228 |-INFO in org.springframework.boot.logging.logback.SpringBootJoranConfigurator@4468ced2 - Registering current configuration as safe fallback point


  .   ____          _            __ _ _
 /\\ / ___'_ __ _ _(_)_ __  __ _ \ \ \ \
( ( )\___ | '_ | '_| | '_ \/ _` | \ \ \ \
 \\/  ___)| |_)| | | | | || (_| |  ) ) ) )
  '  |____| .__|_| |_|_| |_\__, | / / / /
 =========|_|==============|___/=/_/_/_/

 :: Spring Boot ::                (v3.4.6)

{"@timestamp":"2026-05-29T19:23:36.3195709+05:00","thread_name":"main","logger_name":"com.pm.gatewayservice.PatientServiceContractTest","message":"Starting PatientServiceContractTest using Java 21.0.10 with PID 19540 (started by ADMIN in C:\\Users\\ADMIN\\IdeaProjects\\PatientManagementSystem\\GatewayService)"}
{"@timestamp":"2026-05-29T19:23:36.3279737+05:00","thread_name":"main","logger_name":"com.pm.gatewayservice.PatientServiceContractTest","message":"No active profile set, falling back to 1 default profile: \"default\""}
{"@timestamp":"2026-05-29T19:23:37.7338059+05:00","thread_name":"main","logger_name":"org.springframework.cloud.context.scope.GenericScope","message":"BeanFactory id=25b0e3ec-6e40-3486-af73-3662314e0e05"}
{"@timestamp":"2026-05-29T19:23:37.7909994+05:00","thread_name":"main","logger_name":"org.springframework.context.support.PostProcessorRegistrationDelegate$BeanPostProcessorChecker","message":"Bean 'org.springframework.cloud.contract.stubrunner.spring.StubRunnerConfiguration' of type [org.springframework.cloud.contract.stubrunner.spring.StubRunnerConfiguration] is not eligible for getting processed by all BeanPostProcessors (for example: not eligible for auto-proxying). The currently created BeanPostProcessor [batchStubRunnerBeanPostProcessor] is declared through a non-static factory method on that class; consider declaring it as static instead."}
{"@timestamp":"2026-05-29T19:23:37.8021797+05:00","thread_name":"main","logger_name":"org.springframework.context.support.PostProcessorRegistrationDelegate$BeanPostProcessorChecker","message":"Bean 'org.springframework.cloud.commons.config.CommonsConfigAutoConfiguration' of type [org.springframework.cloud.commons.config.CommonsConfigAutoConfiguration] is not eligible for getting processed by all BeanPostProcessors (for example: not eligible for auto-proxying). Is this bean getting eagerly injected/applied to a currently created BeanPostProcessor [batchStubRunnerBeanPostProcessor]? Check the corresponding BeanPostProcessor declaration and its dependencies/advisors. If this bean does not have to be post-processed, declare it with ROLE_INFRASTRUCTURE."}
{"@timestamp":"2026-05-29T19:23:37.8073747+05:00","thread_name":"main","logger_name":"org.springframework.context.support.PostProcessorRegistrationDelegate$BeanPostProcessorChecker","message":"Bean 'org.springframework.cloud.client.loadbalancer.LoadBalancerDefaultMappingsProviderAutoConfiguration' of type [org.springframework.cloud.client.loadbalancer.LoadBalancerDefaultMappingsProviderAutoConfiguration] is not eligible for getting processed by all BeanPostProcessors (for example: not eligible for auto-proxying). Is this bean getting eagerly injected/applied to a currently created BeanPostProcessor [batchStubRunnerBeanPostProcessor]? Check the corresponding BeanPostProcessor declaration and its dependencies/advisors. If this bean does not have to be post-processed, declare it with ROLE_INFRASTRUCTURE."}
{"@timestamp":"2026-05-29T19:23:37.8073747+05:00","thread_name":"main","logger_name":"org.springframework.context.support.PostProcessorRegistrationDelegate$BeanPostProcessorChecker","message":"Bean 'loadBalancerClientsDefaultsMappingsProvider' of type [org.springframework.cloud.client.loadbalancer.LoadBalancerDefaultMappingsProviderAutoConfiguration$$Lambda/0x000002373750a620] is not eligible for getting processed by all BeanPostProcessors (for example: not eligible for auto-proxying). Is this bean getting eagerly injected/applied to a currently created BeanPostProcessor [batchStubRunnerBeanPostProcessor]? Check the corresponding BeanPostProcessor declaration and its dependencies/advisors. If this bean does not have to be post-processed, declare it with ROLE_INFRASTRUCTURE."}
{"@timestamp":"2026-05-29T19:23:37.8073747+05:00","thread_name":"main","logger_name":"org.springframework.context.support.PostProcessorRegistrationDelegate$BeanPostProcessorChecker","message":"Bean 'defaultsBindHandlerAdvisor' of type [org.springframework.cloud.commons.config.DefaultsBindHandlerAdvisor] is not eligible for getting processed by all BeanPostProcessors (for example: not eligible for auto-proxying). Is this bean getting eagerly injected/applied to a currently created BeanPostProcessor [batchStubRunnerBeanPostProcessor]? Check the corresponding BeanPostProcessor declaration and its dependencies/advisors. If this bean does not have to be post-processed, declare it with ROLE_INFRASTRUCTURE."}
{"@timestamp":"2026-05-29T19:23:37.8235803+05:00","thread_name":"main","logger_name":"org.springframework.context.support.PostProcessorRegistrationDelegate$BeanPostProcessorChecker","message":"Bean 'stubrunner-org.springframework.cloud.contract.stubrunner.spring.StubRunnerProperties' of type [org.springframework.cloud.contract.stubrunner.spring.StubRunnerProperties] is not eligible for getting processed by all BeanPostProcessors (for example: not eligible for auto-proxying). Is this bean getting eagerly injected/applied to a currently created BeanPostProcessor [batchStubRunnerBeanPostProcessor]? Check the corresponding BeanPostProcessor declaration and its dependencies/advisors. If this bean does not have to be post-processed, declare it with ROLE_INFRASTRUCTURE."}
{"@timestamp":"2026-05-29T19:23:37.8734466+05:00","thread_name":"main","logger_name":"org.springframework.cloud.contract.stubrunner.AetherStubDownloaderBuilder","message":"Will download stubs and contracts via Aether"}
{"@timestamp":"2026-05-29T19:23:40.1858903+05:00","thread_name":"main","logger_name":"org.springframework.cloud.contract.stubrunner.AetherStubDownloader","message":"Remote repos not passed but the switch to work offline was set. Stubs will be used from your local Maven repository."}
{"@timestamp":"2026-05-29T19:23:41.3922415+05:00","thread_name":"main","logger_name":"org.springframework.cloud.contract.stubrunner.AetherStubDownloader","message":"Desired version is [+] - will try to resolve the latest version"}
{"@timestamp":"2026-05-29T19:23:41.6540979+05:00","thread_name":"main","logger_name":"org.springframework.cloud.contract.stubrunner.AetherStubDownloader","message":"Resolved version is [0.0.1-SNAPSHOT]"}
{"@timestamp":"2026-05-29T19:23:41.677894+05:00","thread_name":"main","logger_name":"org.springframework.cloud.contract.stubrunner.AetherStubDownloader","message":"Resolved artifact [com.pm:PatientService:jar:stubs:0.0.1-SNAPSHOT] to C:\\Users\\ADMIN\\.m2\\repository\\com\\pm\\PatientService\\0.0.1-SNAPSHOT\\PatientService-0.0.1-SNAPSHOT-stubs.jar"}
{"@timestamp":"2026-05-29T19:23:41.6874645+05:00","thread_name":"main","logger_name":"org.springframework.cloud.contract.stubrunner.AetherStubDownloader","message":"Unpacking stub from JAR [URI: file:/C:/Users/ADMIN/.m2/repository/com/pm/PatientService/0.0.1-SNAPSHOT/PatientService-0.0.1-SNAPSHOT-stubs.jar]"}
{"@timestamp":"2026-05-29T19:23:41.7075074+05:00","thread_name":"main","logger_name":"org.springframework.cloud.contract.stubrunner.AetherStubDownloader","message":"Unpacked file to [C:\\Users\\ADMIN\\AppData\\Local\\Temp\\contracts-1780064621677-0]"}
{"@timestamp":"2026-05-29T19:23:55.7560307+05:00","thread_name":"qtp1356644874-51","logger_name":"WireMock","message":"Admin request received:\n127.0.0.1 - POST /mappings\n\nHost: []\nContent-Length: [236]\nContent-Type: [text/plain; charset=UTF-8]\nConnection: [keep-alive]\nUser-Agent: [Apache-HttpClient/5.1.3 (Java/21.0.10)]\n{\r\n  \"id\" : \"7a29947f-6794-4b77-80c5-1c57026fa181\",\r\n  \"request\" : {\r\n    \"url\" : \"/ping\",\r\n    \"method\" : \"GET\"\r\n  },\r\n  \"response\" : {\r\n    \"status\" : 200,\r\n    \"body\" : \"OK\"\r\n  },\r\n  \"uuid\" : \"7a29947f-6794-4b77-80c5-1c57026fa181\"\r\n}\n"}
{"@timestamp":"2026-05-29T19:23:55.8332575+05:00","thread_name":"qtp1356644874-44","logger_name":"WireMock","message":"Admin request received:\n127.0.0.1 - POST /mappings\n\nHost: []\nContent-Length: [238]\nContent-Type: [text/plain; charset=UTF-8]\nConnection: [keep-alive]\nUser-Agent: [Apache-HttpClient/5.1.3 (Java/21.0.10)]\n{\r\n  \"id\" : \"66ffbd3c-3a47-44da-b58b-4c9289d79249\",\r\n  \"request\" : {\r\n    \"url\" : \"/health\",\r\n    \"method\" : \"GET\"\r\n  },\r\n  \"response\" : {\r\n    \"status\" : 200,\r\n    \"body\" : \"OK\"\r\n  },\r\n  \"uuid\" : \"66ffbd3c-3a47-44da-b58b-4c9289d79249\"\r\n}\n"}
{"@timestamp":"2026-05-29T19:23:55.8420276+05:00","thread_name":"qtp1356644874-50","logger_name":"WireMock","message":"Admin request received:\n127.0.0.1 - POST /mappings\n\nHost: []\nContent-Length: [594]\nContent-Type: [text/plain; charset=UTF-8]\nConnection: [keep-alive]\nUser-Agent: [Apache-HttpClient/5.1.3 (Java/21.0.10)]\n{\r\n  \"id\" : \"9bc51514-5fa9-45b2-a362-44d890912a0d\",\r\n  \"request\" : {\r\n    \"url\" : \"/patients\",\r\n    \"method\" : \"GET\"\r\n  },\r\n  \"response\" : {\r\n    \"status\" : 200,\r\n    \"body\" : \"[{\\\"id\\\":\\\"123e4567-e89b-12d3-a456-426614174000\\\",\\\"name\\\":\\\"John Doe\\\",\\\"email\\\":\\\"john.doe@example.com\\\",\\\"address\\\":\\\"123 Main St, Springfield\\\",\\\"dateOfBirth\\\":\\\"1985-06-15\\\",\\\"registeredDate\\\":\\\"2024-01-10\\\"}]\",\r\n    \"headers\" : {\r\n      \"Content-Type\" : \"application/json\"\r\n    },\r\n    \"transformers\" : [ \"response-template\", \"spring-cloud-contract\" ]\r\n  },\r\n  \"uuid\" : \"9bc51514-5fa9-45b2-a362-44d890912a0d\"\r\n}\n"}
{"@timestamp":"2026-05-29T19:23:55.8589755+05:00","thread_name":"main","logger_name":"org.springframework.cloud.contract.stubrunner.StubServer","message":"Started stub server for project [com.pm:PatientService:0.0.1-SNAPSHOT:stubs] on port 8090 with [1] mappings"}
{"@timestamp":"2026-05-29T19:23:55.8631964+05:00","thread_name":"main","logger_name":"org.springframework.cloud.contract.stubrunner.StubRunnerExecutor","message":"All stubs are now running RunningStubs [namesAndPorts={com.pm:PatientService:0.0.1-SNAPSHOT:stubs=8090}]"}
{"@timestamp":"2026-05-29T19:23:55.8651687+05:00","thread_name":"main","logger_name":"org.springframework.context.support.PostProcessorRegistrationDelegate$BeanPostProcessorChecker","message":"Bean 'batchStubRunner' of type [org.springframework.cloud.contract.stubrunner.BatchStubRunner] is not eligible for getting processed by all BeanPostProcessors (for example: not eligible for auto-proxying). Is this bean getting eagerly injected/applied to a currently created BeanPostProcessor [batchStubRunnerBeanPostProcessor]? Check the corresponding BeanPostProcessor declaration and its dependencies/advisors. If this bean does not have to be post-processed, declare it with ROLE_INFRASTRUCTURE."}
{"@timestamp":"2026-05-29T19:23:55.8671808+05:00","thread_name":"main","logger_name":"org.springframework.context.support.PostProcessorRegistrationDelegate$BeanPostProcessorChecker","message":"Bean 'org.springframework.cloud.contract.stubrunner.spring.cloud.StubRunnerSpringCloudAutoConfiguration' of type [org.springframework.cloud.contract.stubrunner.spring.cloud.StubRunnerSpringCloudAutoConfiguration] is not eligible for getting processed by all BeanPostProcessors (for example: not eligible for auto-proxying). The currently created BeanPostProcessor [stubRunnerDiscoveryClientWrapper] is declared through a non-static factory method on that class; consider declaring it as static instead."}
{"@timestamp":"2026-05-29T19:23:57.6882135+05:00","thread_name":"main","logger_name":"org.springframework.cloud.gateway.route.RouteDefinitionRouteLocator","message":"Loaded RoutePredicateFactory [After]"}
{"@timestamp":"2026-05-29T19:23:57.6882135+05:00","thread_name":"main","logger_name":"org.springframework.cloud.gateway.route.RouteDefinitionRouteLocator","message":"Loaded RoutePredicateFactory [Before]"}
{"@timestamp":"2026-05-29T19:23:57.6882135+05:00","thread_name":"main","logger_name":"org.springframework.cloud.gateway.route.RouteDefinitionRouteLocator","message":"Loaded RoutePredicateFactory [Between]"}
{"@timestamp":"2026-05-29T19:23:57.6882135+05:00","thread_name":"main","logger_name":"org.springframework.cloud.gateway.route.RouteDefinitionRouteLocator","message":"Loaded RoutePredicateFactory [Cookie]"}
{"@timestamp":"2026-05-29T19:23:57.6882135+05:00","thread_name":"main","logger_name":"org.springframework.cloud.gateway.route.RouteDefinitionRouteLocator","message":"Loaded RoutePredicateFactory [Header]"}
{"@timestamp":"2026-05-29T19:23:57.6882135+05:00","thread_name":"main","logger_name":"org.springframework.cloud.gateway.route.RouteDefinitionRouteLocator","message":"Loaded RoutePredicateFactory [Host]"}
{"@timestamp":"2026-05-29T19:23:57.6882135+05:00","thread_name":"main","logger_name":"org.springframework.cloud.gateway.route.RouteDefinitionRouteLocator","message":"Loaded RoutePredicateFactory [Method]"}
{"@timestamp":"2026-05-29T19:23:57.6882135+05:00","thread_name":"main","logger_name":"org.springframework.cloud.gateway.route.RouteDefinitionRouteLocator","message":"Loaded RoutePredicateFactory [Path]"}
{"@timestamp":"2026-05-29T19:23:57.6882135+05:00","thread_name":"main","logger_name":"org.springframework.cloud.gateway.route.RouteDefinitionRouteLocator","message":"Loaded RoutePredicateFactory [Query]"}
{"@timestamp":"2026-05-29T19:23:57.6902307+05:00","thread_name":"main","logger_name":"org.springframework.cloud.gateway.route.RouteDefinitionRouteLocator","message":"Loaded RoutePredicateFactory [ReadBody]"}
{"@timestamp":"2026-05-29T19:23:57.6902307+05:00","thread_name":"main","logger_name":"org.springframework.cloud.gateway.route.RouteDefinitionRouteLocator","message":"Loaded RoutePredicateFactory [RemoteAddr]"}
{"@timestamp":"2026-05-29T19:23:57.6902307+05:00","thread_name":"main","logger_name":"org.springframework.cloud.gateway.route.RouteDefinitionRouteLocator","message":"Loaded RoutePredicateFactory [XForwardedRemoteAddr]"}
{"@timestamp":"2026-05-29T19:23:57.6902307+05:00","thread_name":"main","logger_name":"org.springframework.cloud.gateway.route.RouteDefinitionRouteLocator","message":"Loaded RoutePredicateFactory [Weight]"}
{"@timestamp":"2026-05-29T19:23:57.6902307+05:00","thread_name":"main","logger_name":"org.springframework.cloud.gateway.route.RouteDefinitionRouteLocator","message":"Loaded RoutePredicateFactory [CloudFoundryRouteService]"}
{"@timestamp":"2026-05-29T19:23:57.9640259+05:00","thread_name":"main","logger_name":"org.springframework.boot.actuate.endpoint.web.EndpointLinksResolver","message":"Exposing 2 endpoints beneath base path '/actuator'"}
{"@timestamp":"2026-05-29T19:23:58.3198349+05:00","thread_name":"main","logger_name":"org.springframework.cloud.contract.verifier.messaging.internal.ContractVerifierMessaging","message":"The message verifier sender implementation is of type [class org.springframework.cloud.contract.verifier.messaging.noop.NoOpStubMessages]"}
{"@timestamp":"2026-05-29T19:23:58.3203446+05:00","thread_name":"main","logger_name":"org.springframework.cloud.contract.verifier.messaging.internal.ContractVerifierMessaging","message":"The message verifier receiver implementation is of type [class org.springframework.cloud.contract.verifier.messaging.noop.NoOpStubMessages]"}
{"@timestamp":"2026-05-29T19:24:00.0846734+05:00","thread_name":"main","logger_name":"org.springframework.boot.web.embedded.netty.NettyWebServer","message":"Netty started on port 57251 (http)"}
{"@timestamp":"2026-05-29T19:24:00.2664538+05:00","thread_name":"main","logger_name":"com.pm.gatewayservice.PatientServiceContractTest","message":"Started PatientServiceContractTest in 24.301 seconds (process running for 60.636)"}
{"@timestamp":"2026-05-29T19:24:04.4123337+05:00","thread_name":"qtp1356644874-49","logger_name":"WireMock","message":"Request received:\n127.0.0.1 - GET /patients\n\nAccept-Encoding: [gzip]\nUser-Agent: [ReactorNetty/1.2.6]\nAccept: [*/*]\nWebTestClient-Request-Id: [1]\nForwarded: [proto=http;host=\"localhost:57251\";for=\"127.0.0.1:57253\"]\nX-Forwarded-For: [127.0.0.1]\nX-Forwarded-Proto: [http]\nX-Forwarded-Port: [57251]\nX-Forwarded-Host: [localhost:57251]\nHost: [localhost:8090]\nContent-Length: [0]\n\n\n\nMatched response definition:\n{\r\n  \"status\" : 200,\r\n  \"body\" : \"[{\\\"id\\\":\\\"123e4567-e89b-12d3-a456-426614174000\\\",\\\"name\\\":\\\"John Doe\\\",\\\"email\\\":\\\"john.doe@example.com\\\",\\\"address\\\":\\\"123 Main St, Springfield\\\",\\\"dateOfBirth\\\":\\\"1985-06-15\\\",\\\"registeredDate\\\":\\\"2024-01-10\\\"}]\",\r\n  \"headers\" : {\r\n    \"Content-Type\" : \"application/json\"\r\n  },\r\n  \"transformers\" : [ \"response-template\", \"spring-cloud-contract\" ]\r\n}\n\nResponse:\nHTTP/1.1 200\nContent-Type: [application/json]\nMatched-Stub-Id: [9bc51514-5fa9-45b2-a362-44d890912a0d]\n"}
{"@timestamp":"2026-05-29T19:24:04.4498468+05:00","thread_name":"reactor-http-nio-3","logger_name":"com.pm.gatewayservice.config.LoggingConfig","message":"Observed request: GET /patients | Status: 200 | Duration: 794ms"}
]]></system-out>
  </testcase>
</testsuite>