<?xml version="1.0" encoding="UTF-8"?>
<testsuite xmlns:xsi="http://www.w3.org/2001/XMLSchema-instance" xsi:noNamespaceSchemaLocation="https://maven.apache.org/surefire/maven-surefire-plugin/xsd/surefire-test-report.xsd" version="3.0.2" name="com.pm.gatewayservice.GatewayServiceApplicationTests" time="17.084" tests="1" errors="0" skipped="0" failures="0">
  <properties>
[...]
</properties>
  <testcase name="contextLoads" classname="com.pm.gatewayservice.GatewayServiceApplicationTests" time="1.439">
    <system-out><![CDATA[20:15:52.484 [main] INFO org.springframework.test.context.support.AnnotationConfigContextLoaderUtils -- Could not detect default configuration classes for test class [com.pm.gatewayservice.GatewayServiceApplicationTests]: GatewayServiceApplicationTests does not declare any static, non-private, non-final, nested classes annotated with @Configuration.
20:15:52.902 [main] INFO org.springframework.boot.test.context.SpringBootTestContextBootstrapper -- Found @SpringBootConfiguration com.pm.gatewayservice.GatewayServiceApplication for test class com.pm.gatewayservice.GatewayServiceApplicationTests
20:15:55,375 |-INFO in ch.qos.logback.core.joran.util.ConfigurationWatchListUtil@3cb8c8ce - Adding [jar:file:/C:/Users/ADMIN/.m2/repository/org/springframework/boot/spring-boot/3.4.6/spring-boot-3.4.6.jar!/org/springframework/boot/logging/logback/defaults.xml] to configuration watch list.
20:15:55,375 |-INFO in ConfigurationWatchList(mainURL=file:/C:/Users/ADMIN/IdeaProjects/PatientManagementSystem/GatewayService/target/classes/logback-spring.xml, fileWatchList={C:\Users\ADMIN\IdeaProjects\PatientManagementSystem\GatewayService\target\classes\logback-spring.xml}, urlWatchList=[}) - Cannot watch [jar:file:/C:/Users/ADMIN/.m2/repository/org/springframework/boot/spring-boot/3.4.6/spring-boot-3.4.6.jar!/org/springframework/boot/logging/logback/defaults.xml] as its protocol is not one of file, http or https.
20:15:55,381 |-INFO in ch.qos.logback.core.model.processor.ConversionRuleModelHandler - registering conversion word applicationName with class [org.springframework.boot.logging.logback.ApplicationNameConverter]
20:15:55,382 |-INFO in ch.qos.logback.core.model.processor.ConversionRuleModelHandler - registering conversion word clr with class [org.springframework.boot.logging.logback.ColorConverter]
20:15:55,382 |-INFO in ch.qos.logback.core.model.processor.ConversionRuleModelHandler - registering conversion word correlationId with class [org.springframework.boot.logging.logback.CorrelationIdConverter]
20:15:55,382 |-INFO in ch.qos.logback.core.model.processor.ConversionRuleModelHandler - registering conversion word esb with class [org.springframework.boot.logging.logback.EnclosedInSquareBracketsConverter]
20:15:55,382 |-INFO in ch.qos.logback.core.model.processor.ConversionRuleModelHandler - registering conversion word wex with class [org.springframework.boot.logging.logback.WhitespaceThrowableProxyConverter]
20:15:55,382 |-INFO in ch.qos.logback.core.model.processor.ConversionRuleModelHandler - registering conversion word wEx with class [org.springframework.boot.logging.logback.ExtendedWhitespaceThrowableProxyConverter]
20:15:55,386 |-INFO in ch.qos.logback.core.model.processor.ModelInterpretationContext@5c8e67b9 - value "%clr(%d{yyyy-MM-dd'T'HH:mm:ss.SSSXXX}){faint} %clr(%5p [gateway-service,%X{traceId:-},%X{spanId:-}]){} %clr(5076){magenta} %clr(--- %esb(){APPLICATION_NAME}%esb{APPLICATION_GROUP}[%15.15t] %correlationId){faint}%clr(%-40.40logger{39}){cyan} %clr(:){faint} %m%n%wEx" substituted for "${CONSOLE_LOG_PATTERN:-%clr(%d{${LOG_DATEFORMAT_PATTERN:-yyyy-MM-dd'T'HH:mm:ss.SSSXXX}}){faint} %clr(${LOG_LEVEL_PATTERN:-%5p}){} %clr(${PID:-}){magenta} %clr(--- %esb(){APPLICATION_NAME}%esb{APPLICATION_GROUP}[%15.15t] ${LOG_CORRELATION_PATTERN:-}){faint}%clr(%-40.40logger{39}){cyan} %clr(:){faint} %m%n${LOG_EXCEPTION_CONVERSION_WORD:-%wEx}}"
20:15:55,386 |-INFO in ch.qos.logback.core.model.processor.ModelInterpretationContext@5c8e67b9 - value "UTF-8" substituted for "${CONSOLE_LOG_CHARSET:-${file.encoding:-UTF-8}}"
20:15:55,386 |-INFO in ch.qos.logback.core.model.processor.ModelInterpretationContext@5c8e67b9 - value "TRACE" substituted for "${CONSOLE_LOG_THRESHOLD:-TRACE}"
20:15:55,386 |-INFO in ch.qos.logback.core.model.processor.ModelInterpretationContext@5c8e67b9 - value "" substituted for "${CONSOLE_LOG_STRUCTURED_FORMAT:-}"
20:15:55,386 |-INFO in ch.qos.logback.core.model.processor.ModelInterpretationContext@5c8e67b9 - value "%d{yyyy-MM-dd'T'HH:mm:ss.SSSXXX} %5p [gateway-service,%X{traceId:-},%X{spanId:-}] 5076 --- %esb(){APPLICATION_NAME}%esb{APPLICATION_GROUP}[%t] %correlationId%-40.40logger{39} : %m%n%wEx" substituted for "${FILE_LOG_PATTERN:-%d{${LOG_DATEFORMAT_PATTERN:-yyyy-MM-dd'T'HH:mm:ss.SSSXXX}} ${LOG_LEVEL_PATTERN:-%5p} ${PID:-} --- %esb(){APPLICATION_NAME}%esb{APPLICATION_GROUP}[%t] ${LOG_CORRELATION_PATTERN:-}%-40.40logger{39} : %m%n${LOG_EXCEPTION_CONVERSION_WORD:-%wEx}}"
20:15:55,386 |-INFO in ch.qos.logback.core.model.processor.ModelInterpretationContext@5c8e67b9 - value "UTF-8" substituted for "${FILE_LOG_CHARSET:-${file.encoding:-UTF-8}}"
20:15:55,386 |-INFO in ch.qos.logback.core.model.processor.ModelInterpretationContext@5c8e67b9 - value "TRACE" substituted for "${FILE_LOG_THRESHOLD:-TRACE}"
20:15:55,386 |-INFO in ch.qos.logback.core.model.processor.ModelInterpretationContext@5c8e67b9 - value "" substituted for "${FILE_LOG_STRUCTURED_FORMAT:-}"
20:15:55,387 |-INFO in ch.qos.logback.core.joran.util.ConfigurationWatchListUtil@3cb8c8ce - Adding [jar:file:/C:/Users/ADMIN/.m2/repository/org/springframework/boot/spring-boot/3.4.6/spring-boot-3.4.6.jar!/org/springframework/boot/logging/logback/console-appender.xml] to configuration watch list.
20:15:55,387 |-INFO in ConfigurationWatchList(mainURL=file:/C:/Users/ADMIN/IdeaProjects/PatientManagementSystem/GatewayService/target/classes/logback-spring.xml, fileWatchList={C:\Users\ADMIN\IdeaProjects\PatientManagementSystem\GatewayService\target\classes\logback-spring.xml}, urlWatchList=[}) - Cannot watch [jar:file:/C:/Users/ADMIN/.m2/repository/org/springframework/boot/spring-boot/3.4.6/spring-boot-3.4.6.jar!/org/springframework/boot/logging/logback/console-appender.xml] as its protocol is not one of file, http or https.
20:15:55,392 |-INFO in ch.qos.logback.classic.model.processor.LoggerModelHandler - Setting level of logger [org.apache.catalina.startup.DigesterFactory] to ERROR
20:15:55,393 |-INFO in ch.qos.logback.classic.jul.LevelChangePropagator@260a3a5e - Propagating ERROR level on Logger[org.apache.catalina.startup.DigesterFactory] onto the JUL framework
20:15:55,393 |-INFO in ch.qos.logback.classic.model.processor.LoggerModelHandler - Setting level of logger [org.apache.catalina.util.LifecycleBase] to ERROR
20:15:55,393 |-INFO in ch.qos.logback.classic.jul.LevelChangePropagator@260a3a5e - Propagating ERROR level on Logger[org.apache.catalina.util.LifecycleBase] onto the JUL framework
20:15:55,393 |-INFO in ch.qos.logback.classic.model.processor.LoggerModelHandler - Setting level of logger [org.apache.coyote.http11.Http11NioProtocol] to WARN
20:15:55,393 |-INFO in ch.qos.logback.classic.jul.LevelChangePropagator@260a3a5e - Propagating WARN level on Logger[org.apache.coyote.http11.Http11NioProtocol] onto the JUL framework
20:15:55,393 |-INFO in ch.qos.logback.classic.model.processor.LoggerModelHandler - Setting level of logger [org.apache.sshd.common.util.SecurityUtils] to WARN
20:15:55,393 |-INFO in ch.qos.logback.classic.jul.LevelChangePropagator@260a3a5e - Propagating WARN level on Logger[org.apache.sshd.common.util.SecurityUtils] onto the JUL framework
20:15:55,394 |-INFO in ch.qos.logback.classic.model.processor.LoggerModelHandler - Setting level of logger [org.apache.tomcat.util.net.NioSelectorPool] to WARN
20:15:55,394 |-INFO in ch.qos.logback.classic.jul.LevelChangePropagator@260a3a5e - Propagating WARN level on Logger[org.apache.tomcat.util.net.NioSelectorPool] onto the JUL framework
20:15:55,394 |-INFO in ch.qos.logback.classic.model.processor.LoggerModelHandler - Setting level of logger [org.eclipse.jetty.util.component.AbstractLifeCycle] to ERROR
20:15:55,394 |-INFO in ch.qos.logback.classic.jul.LevelChangePropagator@260a3a5e - Propagating ERROR level on Logger[org.eclipse.jetty.util.component.AbstractLifeCycle] onto the JUL framework
20:15:55,394 |-INFO in ch.qos.logback.classic.model.processor.LoggerModelHandler - Setting level of logger [org.hibernate.validator.internal.util.Version] to WARN
20:15:55,394 |-INFO in ch.qos.logback.classic.jul.LevelChangePropagator@260a3a5e - Propagating WARN level on Logger[org.hibernate.validator.internal.util.Version] onto the JUL framework
20:15:55,394 |-INFO in ch.qos.logback.classic.model.processor.LoggerModelHandler - Setting level of logger [org.springframework.boot.actuate.endpoint.jmx] to WARN
20:15:55,394 |-INFO in ch.qos.logback.classic.jul.LevelChangePropagator@260a3a5e - Propagating WARN level on Logger[org.springframework.boot.actuate.endpoint.jmx] onto the JUL framework
20:15:55,395 |-WARN in ch.qos.logback.core.model.processor.AppenderModelHandler - Appender named [CONSOLE] not referenced. Skipping further processing.
20:15:55,395 |-INFO in ch.qos.logback.core.model.processor.AppenderModelHandler - Processing appender named [JSON_CONSOLE]
20:15:55,395 |-INFO in ch.qos.logback.core.model.processor.AppenderModelHandler - About to instantiate appender of type [ch.qos.logback.core.ConsoleAppender]
20:15:55,422 |-INFO in ch.qos.logback.core.model.processor.ImplicitModelHandler - Assuming default type [net.logstash.logback.composite.loggingevent.LoggingEventJsonProviders] for [providers] property
20:15:55,439 |-INFO in ch.qos.logback.core.model.processor.ImplicitModelHandler - Assuming default type [net.logstash.logback.composite.loggingevent.LoggingEventFormattedTimestampJsonProvider] for [timestamp] property
20:15:55,441 |-WARN in ch.qos.logback.core.model.processor.ImplicitModelHandler - Ignoring unknown property [severity] in [net.logstash.logback.composite.loggingevent.LoggingEventJsonProviders]
20:15:55,441 |-WARN in ch.qos.logback.core.model.processor.ImplicitModelHandler - Ignoring unknown property [serviceName] in [net.logstash.logback.composite.loggingevent.LoggingEventJsonProviders]
20:15:55,441 |-WARN in ch.qos.logback.core.model.processor.ImplicitModelHandler - Ignoring unknown property [traceId] in [net.logstash.logback.composite.loggingevent.LoggingEventJsonProviders]
20:15:55,441 |-WARN in ch.qos.logback.core.model.processor.ImplicitModelHandler - Ignoring unknown property [spanId] in [net.logstash.logback.composite.loggingevent.LoggingEventJsonProviders]
20:15:55,441 |-INFO in ch.qos.logback.core.model.processor.ImplicitModelHandler - Assuming default type [net.logstash.logback.composite.loggingevent.LoggingEventThreadNameJsonProvider] for [threadName] property
20:15:55,441 |-INFO in ch.qos.logback.core.model.processor.ImplicitModelHandler - Assuming default type [net.logstash.logback.composite.loggingevent.LoggerNameJsonProvider] for [loggerName] property
20:15:55,441 |-INFO in ch.qos.logback.core.model.processor.ImplicitModelHandler - Assuming default type [net.logstash.logback.composite.loggingevent.MessageJsonProvider] for [message] property
20:15:55,441 |-INFO in ch.qos.logback.core.model.processor.ImplicitModelHandler - Assuming default type [net.logstash.logback.composite.loggingevent.StackTraceJsonProvider] for [stackTrace] property
20:15:55,725 |-INFO in ch.qos.logback.core.ConsoleAppender[JSON_CONSOLE] - BEWARE: Writing to the console can be very slow. Avoid logging to the 
20:15:55,725 |-INFO in ch.qos.logback.core.ConsoleAppender[JSON_CONSOLE] - console in production environments, especially in high volume systems.
20:15:55,725 |-INFO in ch.qos.logback.core.ConsoleAppender[JSON_CONSOLE] - See also https://logback.qos.ch/codes.html#slowConsole
20:15:55,726 |-INFO in ch.qos.logback.classic.model.processor.RootLoggerModelHandler - Setting level of ROOT logger to INFO
20:15:55,726 |-INFO in ch.qos.logback.classic.jul.LevelChangePropagator@260a3a5e - Propagating INFO level on Logger[ROOT] onto the JUL framework
20:15:55,726 |-INFO in ch.qos.logback.core.model.processor.AppenderRefModelHandler - Attaching appender named [JSON_CONSOLE] to Logger[ROOT]
20:15:55,726 |-INFO in ch.qos.logback.core.model.processor.DefaultProcessor@49206065 - End of configuration.
20:15:55,726 |-INFO in org.springframework.boot.logging.logback.SpringBootJoranConfigurator@3c0bbc9f - Registering current configuration as safe fallback point


  .   ____          _            __ _ _
 /\\ / ___'_ __ _ _(_)_ __  __ _ \ \ \ \
( ( )\___ | '_ | '_| | '_ \/ _` | \ \ \ \
 \\/  ___)| |_)| | | | | || (_| |  ) ) ) )
  '  |____| .__|_| |_|_| |_\__, | / / / /
 =========|_|==============|___/=/_/_/_/

 :: Spring Boot ::                (v3.4.6)

{"@timestamp":"2026-05-29T20:15:56.0062231+05:00","thread_name":"main","logger_name":"com.pm.gatewayservice.GatewayServiceApplicationTests","message":"Starting GatewayServiceApplicationTests using Java 21.0.10 with PID 5076 (started by ADMIN in C:\\Users\\ADMIN\\IdeaProjects\\PatientManagementSystem\\GatewayService)"}
{"@timestamp":"2026-05-29T20:15:56.0239816+05:00","thread_name":"main","logger_name":"com.pm.gatewayservice.GatewayServiceApplicationTests","message":"No active profile set, falling back to 1 default profile: \"default\""}
{"@timestamp":"2026-05-29T20:15:59.3382542+05:00","thread_name":"main","logger_name":"org.springframework.data.repository.config.RepositoryConfigurationDelegate","message":"Multiple Spring Data modules found, entering strict repository configuration mode"}
{"@timestamp":"2026-05-29T20:15:59.3432515+05:00","thread_name":"main","logger_name":"org.springframework.data.repository.config.RepositoryConfigurationDelegate","message":"Bootstrapping Spring Data Redis repositories in DEFAULT mode."}
{"@timestamp":"2026-05-29T20:15:59.5550557+05:00","thread_name":"main","logger_name":"org.springframework.data.repository.config.RepositoryConfigurationDelegate","message":"Finished Spring Data repository scanning in 44 ms. Found 0 Redis repository interfaces."}
{"@timestamp":"2026-05-29T20:16:00.3717106+05:00","thread_name":"main","logger_name":"org.springframework.cloud.context.scope.GenericScope","message":"BeanFactory id=b62f7a1a-8437-3c18-a181-1c95269cff17"}
{"@timestamp":"2026-05-29T20:16:05.3317717+05:00","thread_name":"main","logger_name":"org.springframework.cloud.gateway.route.RouteDefinitionRouteLocator","message":"Loaded RoutePredicateFactory [After]"}
{"@timestamp":"2026-05-29T20:16:05.3317717+05:00","thread_name":"main","logger_name":"org.springframework.cloud.gateway.route.RouteDefinitionRouteLocator","message":"Loaded RoutePredicateFactory [Before]"}
{"@timestamp":"2026-05-29T20:16:05.3323893+05:00","thread_name":"main","logger_name":"org.springframework.cloud.gateway.route.RouteDefinitionRouteLocator","message":"Loaded RoutePredicateFactory [Between]"}
{"@timestamp":"2026-05-29T20:16:05.3331108+05:00","thread_name":"main","logger_name":"org.springframework.cloud.gateway.route.RouteDefinitionRouteLocator","message":"Loaded RoutePredicateFactory [Cookie]"}
{"@timestamp":"2026-05-29T20:16:05.3331108+05:00","thread_name":"main","logger_name":"org.springframework.cloud.gateway.route.RouteDefinitionRouteLocator","message":"Loaded RoutePredicateFactory [Header]"}
{"@timestamp":"2026-05-29T20:16:05.3331108+05:00","thread_name":"main","logger_name":"org.springframework.cloud.gateway.route.RouteDefinitionRouteLocator","message":"Loaded RoutePredicateFactory [Host]"}
{"@timestamp":"2026-05-29T20:16:05.3331108+05:00","thread_name":"main","logger_name":"org.springframework.cloud.gateway.route.RouteDefinitionRouteLocator","message":"Loaded RoutePredicateFactory [Method]"}
{"@timestamp":"2026-05-29T20:16:05.3342023+05:00","thread_name":"main","logger_name":"org.springframework.cloud.gateway.route.RouteDefinitionRouteLocator","message":"Loaded RoutePredicateFactory [Path]"}
{"@timestamp":"2026-05-29T20:16:05.3342023+05:00","thread_name":"main","logger_name":"org.springframework.cloud.gateway.route.RouteDefinitionRouteLocator","message":"Loaded RoutePredicateFactory [Query]"}
{"@timestamp":"2026-05-29T20:16:05.3342023+05:00","thread_name":"main","logger_name":"org.springframework.cloud.gateway.route.RouteDefinitionRouteLocator","message":"Loaded RoutePredicateFactory [ReadBody]"}
{"@timestamp":"2026-05-29T20:16:05.3348538+05:00","thread_name":"main","logger_name":"org.springframework.cloud.gateway.route.RouteDefinitionRouteLocator","message":"Loaded RoutePredicateFactory [RemoteAddr]"}
{"@timestamp":"2026-05-29T20:16:05.3348538+05:00","thread_name":"main","logger_name":"org.springframework.cloud.gateway.route.RouteDefinitionRouteLocator","message":"Loaded RoutePredicateFactory [XForwardedRemoteAddr]"}
{"@timestamp":"2026-05-29T20:16:05.3348538+05:00","thread_name":"main","logger_name":"org.springframework.cloud.gateway.route.RouteDefinitionRouteLocator","message":"Loaded RoutePredicateFactory [Weight]"}
{"@timestamp":"2026-05-29T20:16:05.3348538+05:00","thread_name":"main","logger_name":"org.springframework.cloud.gateway.route.RouteDefinitionRouteLocator","message":"Loaded RoutePredicateFactory [CloudFoundryRouteService]"}
{"@timestamp":"2026-05-29T20:16:06.098006+05:00","thread_name":"main","logger_name":"org.springframework.boot.actuate.endpoint.web.EndpointLinksResolver","message":"Exposing 2 endpoints beneath base path '/actuator'"}
{"@timestamp":"2026-05-29T20:16:07.7184869+05:00","thread_name":"main","logger_name":"com.pm.gatewayservice.GatewayServiceApplicationTests","message":"Started GatewayServiceApplicationTests in 13.518 seconds (process running for 17.023)"}
]]></system-out>
    <system-err><![CDATA[Mockito is currently self-attaching to enable the inline-mock-maker. This will no longer work in future releases of the JDK. Please add Mockito as an agent to your build what is described in Mockito's documentation: https://javadoc.io/doc/org.mockito/mockito-core/latest/org/mockito/Mockito.html#0.3
WARNING: A Java agent has been loaded dynamically (C:\Users\ADMIN\.m2\repository\net\bytebuddy\byte-buddy-agent\1.15.11\byte-buddy-agent-1.15.11.jar)
WARNING: If a serviceability tool is in use, please run with -XX:+EnableDynamicAgentLoading to hide this warning
WARNING: If a serviceability tool is not in use, please run with -Djdk.instrument.traceUsage for more information
WARNING: Dynamic loading of agents will be disallowed by default in a future release
]]></system-err>
  </testcase>
</testsuite>